<?xml version="1.0" encoding="UTF-8"?>
<!-- Generated by org.testng.reporters.JUnitReportReporter -->
<testsuite skipped="0" hostname="HEL01558" name="test.AddBookToCollectionTest" tests="2" failures="0" timestamp="2023-02-02T19:01:14 GET" time="24.722" errors="0">
  <testcase name="addBookToCollectionTest" time="14.290" classname="test.AddBookToCollectionTest"/>
  <system-out/>
  <testcase name="removeBookFromCollectionTest" time="10.432" classname="test.AddBookToCollectionTest"/>
  <system-out/>
</testsuite> <!-- test.AddBookToCollectionTest -->
