<?xml version="1.0" encoding="UTF-8"?>
<!-- Generated by org.testng.reporters.JUnitReportReporter -->
<testsuite skipped="0" hostname="HEL01558" name="test.RemoveBookToCollectionTest" tests="1" failures="0" timestamp="2023-02-02T18:38:17 GET" time="10.384" errors="0">
  <testcase name="removeBookFromCollectionTest" time="10.384" classname="test.RemoveBookToCollectionTest"/>
  <system-out/>
</testsuite> <!-- test.RemoveBookToCollectionTest -->
