<?xml version="1.0" encoding="UTF-8"?>
<!-- Generated by org.testng.reporters.JUnitReportReporter -->
<testsuite skipped="0" hostname="HEL01558" name="test.ManageCollectionTests" tests="2" failures="0" timestamp="2023-02-05T17:01:45 GET" time="31.644" errors="0">
  <testcase name="addBookToCollectionTest" time="17.954" classname="test.ManageCollectionTests"/>
  <testcase name="removeBookFromCollectionTest" time="13.690" classname="test.ManageCollectionTests"/>
</testsuite> <!-- test.ManageCollectionTests -->
